mode: set
github.com/go-jedi/auth-service/cmd/grpc_server/main.go:10.13,14.16 3 0
github.com/go-jedi/auth-service/cmd/grpc_server/main.go:14.16,16.3 1 0
github.com/go-jedi/auth-service/cmd/grpc_server/main.go:18.2,19.16 2 0
github.com/go-jedi/auth-service/cmd/grpc_server/main.go:19.16,21.3 1 0
github.com/go-jedi/auth-service/internal/api/auth/register.go:14.107,22.16 3 0
github.com/go-jedi/auth-service/internal/api/auth/register.go:22.16,24.3 1 0
github.com/go-jedi/auth-service/internal/api/auth/register.go:26.2,26.30 1 0
github.com/go-jedi/auth-service/internal/api/auth/service.go:13.73,17.2 1 0
github.com/go-jedi/auth-service/internal/api/note/create.go:14.109,22.16 3 0
github.com/go-jedi/auth-service/internal/api/note/create.go:22.16,24.3 1 0
github.com/go-jedi/auth-service/internal/api/note/create.go:26.2,30.8 2 0
github.com/go-jedi/auth-service/internal/api/note/get.go:14.100,21.16 3 0
github.com/go-jedi/auth-service/internal/api/note/get.go:21.16,23.3 1 0
github.com/go-jedi/auth-service/internal/api/note/get.go:25.2,29.8 2 0
github.com/go-jedi/auth-service/internal/api/note/service.go:13.73,17.2 1 0
github.com/go-jedi/auth-service/internal/app/app.go:33.48,37.16 3 0
github.com/go-jedi/auth-service/internal/app/app.go:37.16,39.3 1 0
github.com/go-jedi/auth-service/internal/app/app.go:41.2,41.15 1 0
github.com/go-jedi/auth-service/internal/app/app.go:44.27,45.15 1 0
github.com/go-jedi/auth-service/internal/app/app.go:45.15,48.3 2 0
github.com/go-jedi/auth-service/internal/app/app.go:50.2,50.26 1 0
github.com/go-jedi/auth-service/internal/app/app.go:53.51,62.26 2 0
github.com/go-jedi/auth-service/internal/app/app.go:62.26,64.17 2 0
github.com/go-jedi/auth-service/internal/app/app.go:64.17,66.4 1 0
github.com/go-jedi/auth-service/internal/app/app.go:69.2,69.12 1 0
github.com/go-jedi/auth-service/internal/app/app.go:72.51,74.16 2 0
github.com/go-jedi/auth-service/internal/app/app.go:74.16,76.3 1 0
github.com/go-jedi/auth-service/internal/app/app.go:78.2,78.12 1 0
github.com/go-jedi/auth-service/internal/app/app.go:81.60,84.2 2 0
github.com/go-jedi/auth-service/internal/app/app.go:86.51,94.2 3 0
github.com/go-jedi/auth-service/internal/app/app.go:96.52,100.2 3 0
github.com/go-jedi/auth-service/internal/app/app.go:102.57,109.51 2 0
github.com/go-jedi/auth-service/internal/app/app.go:109.51,112.4 2 0
github.com/go-jedi/auth-service/internal/app/app.go:113.78,115.4 1 0
github.com/go-jedi/auth-service/internal/app/app.go:118.2,135.12 4 0
github.com/go-jedi/auth-service/internal/app/app.go:138.37,142.16 3 0
github.com/go-jedi/auth-service/internal/app/app.go:142.16,144.3 1 0
github.com/go-jedi/auth-service/internal/app/app.go:146.2,147.16 2 0
github.com/go-jedi/auth-service/internal/app/app.go:147.16,149.3 1 0
github.com/go-jedi/auth-service/internal/app/app.go:151.2,151.12 1 0
github.com/go-jedi/auth-service/internal/app/service_provider.go:43.44,45.2 1 0
github.com/go-jedi/auth-service/internal/app/service_provider.go:47.54,48.23 1 0
github.com/go-jedi/auth-service/internal/app/service_provider.go:48.23,50.17 2 0
github.com/go-jedi/auth-service/internal/app/service_provider.go:50.17,52.4 1 0
github.com/go-jedi/auth-service/internal/app/service_provider.go:54.3,54.19 1 0
github.com/go-jedi/auth-service/internal/app/service_provider.go:57.2,57.19 1 0
github.com/go-jedi/auth-service/internal/app/service_provider.go:60.62,61.27 1 0
github.com/go-jedi/auth-service/internal/app/service_provider.go:61.27,63.17 2 0
github.com/go-jedi/auth-service/internal/app/service_provider.go:63.17,65.4 1 0
github.com/go-jedi/auth-service/internal/app/service_provider.go:67.3,67.23 1 0
github.com/go-jedi/auth-service/internal/app/service_provider.go:70.2,70.23 1 0
github.com/go-jedi/auth-service/internal/app/service_provider.go:73.72,74.32 1 0
github.com/go-jedi/auth-service/internal/app/service_provider.go:74.32,76.17 2 0
github.com/go-jedi/auth-service/internal/app/service_provider.go:76.17,78.4 1 0
github.com/go-jedi/auth-service/internal/app/service_provider.go:79.3,79.28 1 0
github.com/go-jedi/auth-service/internal/app/service_provider.go:82.2,82.28 1 0
github.com/go-jedi/auth-service/internal/app/service_provider.go:85.58,86.25 1 0
github.com/go-jedi/auth-service/internal/app/service_provider.go:86.25,88.17 2 0
github.com/go-jedi/auth-service/internal/app/service_provider.go:88.17,90.4 1 0
github.com/go-jedi/auth-service/internal/app/service_provider.go:92.3,92.21 1 0
github.com/go-jedi/auth-service/internal/app/service_provider.go:95.2,95.21 1 0
github.com/go-jedi/auth-service/internal/app/service_provider.go:98.67,99.23 1 0
github.com/go-jedi/auth-service/internal/app/service_provider.go:99.23,101.17 2 0
github.com/go-jedi/auth-service/internal/app/service_provider.go:101.17,103.4 1 0
github.com/go-jedi/auth-service/internal/app/service_provider.go:105.3,106.17 2 0
github.com/go-jedi/auth-service/internal/app/service_provider.go:106.17,108.4 1 0
github.com/go-jedi/auth-service/internal/app/service_provider.go:109.3,111.18 2 0
github.com/go-jedi/auth-service/internal/app/service_provider.go:114.2,114.19 1 0
github.com/go-jedi/auth-service/internal/app/service_provider.go:117.71,118.24 1 0
github.com/go-jedi/auth-service/internal/app/service_provider.go:118.24,120.3 1 0
github.com/go-jedi/auth-service/internal/app/service_provider.go:122.2,122.20 1 0
github.com/go-jedi/auth-service/internal/app/service_provider.go:125.89,126.29 1 0
github.com/go-jedi/auth-service/internal/app/service_provider.go:126.29,128.3 1 0
github.com/go-jedi/auth-service/internal/app/service_provider.go:130.2,130.25 1 0
github.com/go-jedi/auth-service/internal/app/service_provider.go:133.80,134.26 1 0
github.com/go-jedi/auth-service/internal/app/service_provider.go:134.26,139.3 1 0
github.com/go-jedi/auth-service/internal/app/service_provider.go:141.2,141.22 1 0
github.com/go-jedi/auth-service/internal/app/service_provider.go:144.78,145.23 1 0
github.com/go-jedi/auth-service/internal/app/service_provider.go:145.23,147.3 1 0
github.com/go-jedi/auth-service/internal/app/service_provider.go:149.2,149.19 1 0
github.com/go-jedi/auth-service/internal/app/service_provider.go:152.89,153.29 1 0
github.com/go-jedi/auth-service/internal/app/service_provider.go:153.29,155.3 1 0
github.com/go-jedi/auth-service/internal/app/service_provider.go:157.2,157.25 1 0
github.com/go-jedi/auth-service/internal/app/service_provider.go:160.80,161.26 1 0
github.com/go-jedi/auth-service/internal/app/service_provider.go:161.26,166.3 1 0
github.com/go-jedi/auth-service/internal/app/service_provider.go:168.2,168.22 1 0
github.com/go-jedi/auth-service/internal/app/service_provider.go:171.78,172.23 1 0
github.com/go-jedi/auth-service/internal/app/service_provider.go:172.23,174.3 1 0
github.com/go-jedi/auth-service/internal/app/service_provider.go:176.2,176.19 1 0
github.com/go-jedi/auth-service/internal/config/config.go:7.30,9.16 2 0
github.com/go-jedi/auth-service/internal/config/config.go:9.16,11.3 1 0
github.com/go-jedi/auth-service/internal/config/config.go:13.2,13.12 1 0
github.com/go-jedi/auth-service/internal/config/grpc.go:24.42,26.20 2 0
github.com/go-jedi/auth-service/internal/config/grpc.go:26.20,28.3 1 0
github.com/go-jedi/auth-service/internal/config/grpc.go:30.2,31.20 2 0
github.com/go-jedi/auth-service/internal/config/grpc.go:31.20,33.3 1 0
github.com/go-jedi/auth-service/internal/config/grpc.go:35.2,38.8 1 0
github.com/go-jedi/auth-service/internal/config/grpc.go:41.41,43.2 1 0
github.com/go-jedi/auth-service/internal/config/logger.go:21.46,23.21 2 0
github.com/go-jedi/auth-service/internal/config/logger.go:23.21,25.3 1 0
github.com/go-jedi/auth-service/internal/config/logger.go:27.2,29.8 1 0
github.com/go-jedi/auth-service/internal/config/logger.go:32.41,34.2 1 0
github.com/go-jedi/auth-service/internal/config/pg.go:20.38,22.19 2 0
github.com/go-jedi/auth-service/internal/config/pg.go:22.19,24.3 1 0
github.com/go-jedi/auth-service/internal/config/pg.go:26.2,28.8 1 0
github.com/go-jedi/auth-service/internal/config/pg.go:31.35,33.2 1 0
github.com/go-jedi/auth-service/internal/config/tracing.go:21.56,23.23 2 0
github.com/go-jedi/auth-service/internal/config/tracing.go:23.23,25.3 1 0
github.com/go-jedi/auth-service/internal/config/tracing.go:27.2,29.8 1 0
github.com/go-jedi/auth-service/internal/config/tracing.go:32.48,34.2 1 0
github.com/go-jedi/auth-service/internal/repository/note/repository.go:33.60,35.2 1 0
github.com/go-jedi/auth-service/internal/repository/note/repository.go:37.81,51.16 4 0
github.com/go-jedi/auth-service/internal/repository/note/repository.go:51.16,53.3 1 0
github.com/go-jedi/auth-service/internal/repository/note/repository.go:55.2,62.16 4 0
github.com/go-jedi/auth-service/internal/repository/note/repository.go:62.16,64.3 1 0
github.com/go-jedi/auth-service/internal/repository/note/repository.go:66.2,66.16 1 0
github.com/go-jedi/auth-service/internal/repository/note/repository.go:69.72,82.16 4 0
github.com/go-jedi/auth-service/internal/repository/note/repository.go:82.16,84.3 1 0
github.com/go-jedi/auth-service/internal/repository/note/repository.go:86.2,93.16 4 0
github.com/go-jedi/auth-service/internal/repository/note/repository.go:93.16,95.3 1 0
github.com/go-jedi/auth-service/internal/repository/note/repository.go:97.2,97.45 1 0
github.com/go-jedi/auth-service/internal/repository/auth/repository.go:21.60,23.2 1 0
github.com/go-jedi/auth-service/internal/repository/auth/repository.go:25.92,33.2 2 0
github.com/go-jedi/auth-service/internal/interceptor/circuit_breaker.go:17.92,21.2 1 0
github.com/go-jedi/auth-service/internal/interceptor/circuit_breaker.go:23.154,24.55 1 0
github.com/go-jedi/auth-service/internal/interceptor/circuit_breaker.go:24.55,26.3 1 0
github.com/go-jedi/auth-service/internal/interceptor/circuit_breaker.go:28.2,28.16 1 0
github.com/go-jedi/auth-service/internal/interceptor/circuit_breaker.go:28.16,29.45 1 0
github.com/go-jedi/auth-service/internal/interceptor/circuit_breaker.go:29.45,31.4 1 0
github.com/go-jedi/auth-service/internal/interceptor/circuit_breaker.go:33.3,33.18 1 0
github.com/go-jedi/auth-service/internal/interceptor/circuit_breaker.go:36.2,36.17 1 0
github.com/go-jedi/auth-service/internal/interceptor/error.go:22.147,24.16 2 0
github.com/go-jedi/auth-service/internal/interceptor/error.go:24.16,26.3 1 0
github.com/go-jedi/auth-service/internal/interceptor/error.go:28.2,30.9 2 0
github.com/go-jedi/auth-service/internal/interceptor/error.go:31.30,35.43 3 0
github.com/go-jedi/auth-service/internal/interceptor/error.go:37.39,38.61 1 0
github.com/go-jedi/auth-service/internal/interceptor/error.go:40.10,42.26 2 0
github.com/go-jedi/auth-service/internal/interceptor/error.go:42.26,44.4 1 0
github.com/go-jedi/auth-service/internal/interceptor/error.go:44.9,45.48 1 0
github.com/go-jedi/auth-service/internal/interceptor/error.go:45.48,47.5 1 0
github.com/go-jedi/auth-service/internal/interceptor/error.go:47.10,47.47 1 0
github.com/go-jedi/auth-service/internal/interceptor/error.go:47.47,49.5 1 0
github.com/go-jedi/auth-service/internal/interceptor/error.go:49.10,51.5 1 0
github.com/go-jedi/auth-service/internal/interceptor/error.go:55.2,55.17 1 0
github.com/go-jedi/auth-service/internal/interceptor/error.go:58.49,61.14 2 0
github.com/go-jedi/auth-service/internal/interceptor/error.go:62.16,63.21 1 0
github.com/go-jedi/auth-service/internal/interceptor/error.go:64.22,65.27 1 0
github.com/go-jedi/auth-service/internal/interceptor/error.go:66.29,67.34 1 0
github.com/go-jedi/auth-service/internal/interceptor/error.go:68.30,69.35 1 0
github.com/go-jedi/auth-service/internal/interceptor/error.go:70.22,71.27 1 0
github.com/go-jedi/auth-service/internal/interceptor/error.go:72.27,73.32 1 0
github.com/go-jedi/auth-service/internal/interceptor/error.go:74.30,75.35 1 0
github.com/go-jedi/auth-service/internal/interceptor/error.go:76.31,77.36 1 0
github.com/go-jedi/auth-service/internal/interceptor/error.go:78.32,79.37 1 0
github.com/go-jedi/auth-service/internal/interceptor/error.go:80.21,81.26 1 0
github.com/go-jedi/auth-service/internal/interceptor/error.go:82.24,83.29 1 0
github.com/go-jedi/auth-service/internal/interceptor/error.go:84.27,85.32 1 0
github.com/go-jedi/auth-service/internal/interceptor/error.go:86.22,87.27 1 0
github.com/go-jedi/auth-service/internal/interceptor/error.go:88.25,89.30 1 0
github.com/go-jedi/auth-service/internal/interceptor/error.go:90.22,91.27 1 0
github.com/go-jedi/auth-service/internal/interceptor/error.go:92.29,93.34 1 0
github.com/go-jedi/auth-service/internal/interceptor/error.go:94.10,95.26 1 0
github.com/go-jedi/auth-service/internal/interceptor/error.go:98.2,98.12 1 0
github.com/go-jedi/auth-service/internal/interceptor/logger.go:12.135,15.16 3 0
github.com/go-jedi/auth-service/internal/interceptor/logger.go:15.16,17.3 1 0
github.com/go-jedi/auth-service/internal/interceptor/logger.go:19.2,21.17 2 0
github.com/go-jedi/auth-service/internal/interceptor/rate_limiter.go:17.101,19.2 1 0
github.com/go-jedi/auth-service/internal/interceptor/rate_limiter.go:21.151,22.28 1 0
github.com/go-jedi/auth-service/internal/interceptor/rate_limiter.go:22.28,24.3 1 0
github.com/go-jedi/auth-service/internal/interceptor/rate_limiter.go:26.2,26.26 1 0
github.com/go-jedi/auth-service/internal/interceptor/server_tracing.go:15.145,20.8 4 0
github.com/go-jedi/auth-service/internal/interceptor/server_tracing.go:20.8,25.17 4 0
github.com/go-jedi/auth-service/internal/interceptor/server_tracing.go:25.17,27.4 1 0
github.com/go-jedi/auth-service/internal/interceptor/server_tracing.go:30.2,31.16 2 0
github.com/go-jedi/auth-service/internal/interceptor/server_tracing.go:31.16,34.3 2 0
github.com/go-jedi/auth-service/internal/interceptor/server_tracing.go:34.8,38.3 1 0
github.com/go-jedi/auth-service/internal/interceptor/server_tracing.go:40.2,40.17 1 0
github.com/go-jedi/auth-service/internal/converter/auth.go:8.91,13.2 1 0
github.com/go-jedi/auth-service/internal/converter/note.go:10.53,12.26 2 0
github.com/go-jedi/auth-service/internal/converter/note.go:12.26,14.3 1 0
github.com/go-jedi/auth-service/internal/converter/note.go:16.2,21.3 1 0
github.com/go-jedi/auth-service/internal/converter/note.go:24.64,29.2 1 0
github.com/go-jedi/auth-service/internal/converter/note.go:31.62,36.2 1 0
github.com/go-jedi/auth-service/internal/repository/mocks/mock_repository.go:27.73,31.2 3 0
github.com/go-jedi/auth-service/internal/repository/mocks/mock_repository.go:34.71,36.2 1 0
github.com/go-jedi/auth-service/internal/repository/mocks/mock_repository.go:39.95,45.2 5 0
github.com/go-jedi/auth-service/internal/repository/mocks/mock_repository.go:48.86,51.2 2 0
github.com/go-jedi/auth-service/internal/repository/mocks/mock_repository.go:54.86,60.2 5 0
github.com/go-jedi/auth-service/internal/repository/mocks/mock_repository.go:63.81,66.2 2 0
github.com/go-jedi/auth-service/internal/service/mocks/mock_service.go:27.67,31.2 3 0
github.com/go-jedi/auth-service/internal/service/mocks/mock_service.go:34.65,36.2 1 0
github.com/go-jedi/auth-service/internal/service/mocks/mock_service.go:39.92,45.2 5 0
github.com/go-jedi/auth-service/internal/service/mocks/mock_service.go:48.83,51.2 2 0
github.com/go-jedi/auth-service/internal/service/mocks/mock_service.go:54.83,60.2 5 0
github.com/go-jedi/auth-service/internal/service/mocks/mock_service.go:63.78,66.2 2 0
github.com/go-jedi/auth-service/internal/repository/note/converter/note.go:8.55,15.2 1 0
github.com/go-jedi/auth-service/internal/repository/note/converter/note.go:17.65,22.2 1 0
github.com/go-jedi/auth-service/internal/logger/logger.go:14.53,16.2 1 0
github.com/go-jedi/auth-service/internal/logger/logger.go:18.45,20.2 1 0
github.com/go-jedi/auth-service/internal/logger/logger.go:22.44,24.2 1 0
github.com/go-jedi/auth-service/internal/logger/logger.go:26.44,28.2 1 0
github.com/go-jedi/auth-service/internal/logger/logger.go:30.45,32.2 1 0
github.com/go-jedi/auth-service/internal/logger/logger.go:34.45,36.2 1 0
github.com/go-jedi/auth-service/internal/logger/logger.go:38.50,40.2 1 0
github.com/go-jedi/auth-service/internal/logger/logger.go:42.50,66.2 10 0
github.com/go-jedi/auth-service/internal/logger/logger.go:68.54,70.44 2 0
github.com/go-jedi/auth-service/internal/logger/logger.go:70.44,72.3 1 0
github.com/go-jedi/auth-service/internal/logger/logger.go:74.2,74.36 1 0
github.com/go-jedi/auth-service/internal/service/auth/register.go:11.92,18.72 2 0
github.com/go-jedi/auth-service/internal/service/auth/register.go:18.72,22.17 2 0
github.com/go-jedi/auth-service/internal/service/auth/register.go:22.17,24.4 1 0
github.com/go-jedi/auth-service/internal/service/auth/register.go:26.3,26.13 1 0
github.com/go-jedi/auth-service/internal/service/auth/register.go:29.2,29.16 1 0
github.com/go-jedi/auth-service/internal/service/auth/register.go:29.16,31.3 1 0
github.com/go-jedi/auth-service/internal/service/auth/register.go:33.2,33.12 1 0
github.com/go-jedi/auth-service/internal/service/auth/service.go:17.23,22.2 1 0
github.com/go-jedi/auth-service/internal/service/note/create.go:13.81,21.72 3 0
github.com/go-jedi/auth-service/internal/service/note/create.go:21.72,24.19 3 0
github.com/go-jedi/auth-service/internal/service/note/create.go:24.19,26.4 1 0
github.com/go-jedi/auth-service/internal/service/note/create.go:28.3,29.19 2 0
github.com/go-jedi/auth-service/internal/service/note/create.go:29.19,31.4 1 0
github.com/go-jedi/auth-service/internal/service/note/create.go:33.3,33.13 1 0
github.com/go-jedi/auth-service/internal/service/note/create.go:36.2,36.16 1 0
github.com/go-jedi/auth-service/internal/service/note/create.go:36.16,38.3 1 0
github.com/go-jedi/auth-service/internal/service/note/create.go:40.2,40.16 1 0
github.com/go-jedi/auth-service/internal/service/note/get.go:12.72,19.16 3 0
github.com/go-jedi/auth-service/internal/service/note/get.go:19.16,21.3 1 0
github.com/go-jedi/auth-service/internal/service/note/get.go:23.2,23.18 1 0
github.com/go-jedi/auth-service/internal/service/note/service.go:17.23,22.2 1 0
github.com/go-jedi/auth-service/internal/repository/mocks/mock_repository.go:27.73,31.2 3 1
github.com/go-jedi/auth-service/internal/repository/mocks/mock_repository.go:34.71,36.2 1 1
github.com/go-jedi/auth-service/internal/repository/mocks/mock_repository.go:39.95,45.2 5 1
github.com/go-jedi/auth-service/internal/repository/mocks/mock_repository.go:48.86,51.2 2 1
github.com/go-jedi/auth-service/internal/repository/mocks/mock_repository.go:54.86,60.2 5 1
github.com/go-jedi/auth-service/internal/repository/mocks/mock_repository.go:63.81,66.2 2 1
github.com/go-jedi/auth-service/internal/utils/rate_limiter/rate_limiter.go:12.102,17.29 2 0
github.com/go-jedi/auth-service/internal/utils/rate_limiter/rate_limiter.go:17.29,19.3 1 0
github.com/go-jedi/auth-service/internal/utils/rate_limiter/rate_limiter.go:21.2,24.16 3 0
github.com/go-jedi/auth-service/internal/utils/rate_limiter/rate_limiter.go:27.102,31.6 3 0
github.com/go-jedi/auth-service/internal/utils/rate_limiter/rate_limiter.go:31.6,32.10 1 0
github.com/go-jedi/auth-service/internal/utils/rate_limiter/rate_limiter.go:33.21,34.10 1 0
github.com/go-jedi/auth-service/internal/utils/rate_limiter/rate_limiter.go:35.19,36.33 1 0
github.com/go-jedi/auth-service/internal/utils/rate_limiter/rate_limiter.go:41.43,42.9 1 0
github.com/go-jedi/auth-service/internal/utils/rate_limiter/rate_limiter.go:43.25,44.14 1 0
github.com/go-jedi/auth-service/internal/utils/rate_limiter/rate_limiter.go:45.10,46.15 1 0
github.com/go-jedi/auth-service/internal/tracing/tracing.go:9.31,18.16 3 0
github.com/go-jedi/auth-service/internal/tracing/tracing.go:18.16,20.3 1 0
github.com/go-jedi/auth-service/pkg/auth_v1/auth.pb.go:33.35,35.29 2 0
github.com/go-jedi/auth-service/pkg/auth_v1/auth.pb.go:35.29,39.3 3 0
github.com/go-jedi/auth-service/pkg/auth_v1/auth.pb.go:42.43,44.2 1 0
github.com/go-jedi/auth-service/pkg/auth_v1/auth.pb.go:46.41,46.42 0 0
github.com/go-jedi/auth-service/pkg/auth_v1/auth.pb.go:48.63,50.41 2 0
github.com/go-jedi/auth-service/pkg/auth_v1/auth.pb.go:50.41,52.34 2 0
github.com/go-jedi/auth-service/pkg/auth_v1/auth.pb.go:52.34,54.4 1 0
github.com/go-jedi/auth-service/pkg/auth_v1/auth.pb.go:55.3,55.12 1 0
github.com/go-jedi/auth-service/pkg/auth_v1/auth.pb.go:57.2,57.24 1 0
github.com/go-jedi/auth-service/pkg/auth_v1/auth.pb.go:61.54,63.2 1 0
github.com/go-jedi/auth-service/pkg/auth_v1/auth.pb.go:65.48,66.14 1 0
github.com/go-jedi/auth-service/pkg/auth_v1/auth.pb.go:66.14,68.3 1 0
github.com/go-jedi/auth-service/pkg/auth_v1/auth.pb.go:69.2,69.11 1 0
github.com/go-jedi/auth-service/pkg/auth_v1/auth.pb.go:72.48,73.14 1 0
github.com/go-jedi/auth-service/pkg/auth_v1/auth.pb.go:73.14,75.3 1 0
github.com/go-jedi/auth-service/pkg/auth_v1/auth.pb.go:76.2,76.11 1 0
github.com/go-jedi/auth-service/pkg/auth_v1/auth.pb.go:88.32,90.29 2 0
github.com/go-jedi/auth-service/pkg/auth_v1/auth.pb.go:90.29,94.3 3 0
github.com/go-jedi/auth-service/pkg/auth_v1/auth.pb.go:97.40,99.2 1 0
github.com/go-jedi/auth-service/pkg/auth_v1/auth.pb.go:101.38,101.39 0 0
github.com/go-jedi/auth-service/pkg/auth_v1/auth.pb.go:103.60,105.41 2 0
github.com/go-jedi/auth-service/pkg/auth_v1/auth.pb.go:105.41,107.34 2 0
github.com/go-jedi/auth-service/pkg/auth_v1/auth.pb.go:107.34,109.4 1 0
github.com/go-jedi/auth-service/pkg/auth_v1/auth.pb.go:110.3,110.12 1 0
github.com/go-jedi/auth-service/pkg/auth_v1/auth.pb.go:112.2,112.24 1 0
github.com/go-jedi/auth-service/pkg/auth_v1/auth.pb.go:116.51,118.2 1 0
github.com/go-jedi/auth-service/pkg/auth_v1/auth.pb.go:120.45,121.14 1 0
github.com/go-jedi/auth-service/pkg/auth_v1/auth.pb.go:121.14,123.3 1 0
github.com/go-jedi/auth-service/pkg/auth_v1/auth.pb.go:124.2,124.11 1 0
github.com/go-jedi/auth-service/pkg/auth_v1/auth.pb.go:127.45,128.14 1 0
github.com/go-jedi/auth-service/pkg/auth_v1/auth.pb.go:128.14,130.3 1 0
github.com/go-jedi/auth-service/pkg/auth_v1/auth.pb.go:131.2,131.11 1 0
github.com/go-jedi/auth-service/pkg/auth_v1/auth.pb.go:143.33,145.29 2 0
github.com/go-jedi/auth-service/pkg/auth_v1/auth.pb.go:145.29,149.3 3 0
github.com/go-jedi/auth-service/pkg/auth_v1/auth.pb.go:152.41,154.2 1 0
github.com/go-jedi/auth-service/pkg/auth_v1/auth.pb.go:156.39,156.40 0 0
github.com/go-jedi/auth-service/pkg/auth_v1/auth.pb.go:158.61,160.41 2 0
github.com/go-jedi/auth-service/pkg/auth_v1/auth.pb.go:160.41,162.34 2 0
github.com/go-jedi/auth-service/pkg/auth_v1/auth.pb.go:162.34,164.4 1 0
github.com/go-jedi/auth-service/pkg/auth_v1/auth.pb.go:165.3,165.12 1 0
github.com/go-jedi/auth-service/pkg/auth_v1/auth.pb.go:167.2,167.24 1 0
github.com/go-jedi/auth-service/pkg/auth_v1/auth.pb.go:171.52,173.2 1 0
github.com/go-jedi/auth-service/pkg/auth_v1/auth.pb.go:175.49,176.14 1 0
github.com/go-jedi/auth-service/pkg/auth_v1/auth.pb.go:176.14,178.3 1 0
github.com/go-jedi/auth-service/pkg/auth_v1/auth.pb.go:179.2,179.11 1 0
github.com/go-jedi/auth-service/pkg/auth_v1/auth.pb.go:182.50,183.14 1 0
github.com/go-jedi/auth-service/pkg/auth_v1/auth.pb.go:183.14,185.3 1 0
github.com/go-jedi/auth-service/pkg/auth_v1/auth.pb.go:186.2,186.11 1 0
github.com/go-jedi/auth-service/pkg/auth_v1/auth.pb.go:229.43,230.40 1 0
github.com/go-jedi/auth-service/pkg/auth_v1/auth.pb.go:230.40,232.3 1 0
github.com/go-jedi/auth-service/pkg/auth_v1/auth.pb.go:233.2,233.36 1 0
github.com/go-jedi/auth-service/pkg/auth_v1/auth.pb.go:255.13,255.39 1 0
github.com/go-jedi/auth-service/pkg/auth_v1/auth.pb.go:256.29,257.28 1 0
github.com/go-jedi/auth-service/pkg/auth_v1/auth.pb.go:257.28,259.3 1 0
github.com/go-jedi/auth-service/pkg/auth_v1/auth.pb.go:260.2,260.30 1 0
github.com/go-jedi/auth-service/pkg/auth_v1/auth.pb.go:260.30,261.81 1 0
github.com/go-jedi/auth-service/pkg/auth_v1/auth.pb.go:261.81,262.40 1 0
github.com/go-jedi/auth-service/pkg/auth_v1/auth.pb.go:263.11,264.20 1 0
github.com/go-jedi/auth-service/pkg/auth_v1/auth.pb.go:265.11,266.24 1 0
github.com/go-jedi/auth-service/pkg/auth_v1/auth.pb.go:267.11,268.28 1 0
github.com/go-jedi/auth-service/pkg/auth_v1/auth.pb.go:269.12,270.15 1 0
github.com/go-jedi/auth-service/pkg/auth_v1/auth.pb.go:273.3,273.81 1 0
github.com/go-jedi/auth-service/pkg/auth_v1/auth.pb.go:273.81,274.37 1 0
github.com/go-jedi/auth-service/pkg/auth_v1/auth.pb.go:275.11,276.20 1 0
github.com/go-jedi/auth-service/pkg/auth_v1/auth.pb.go:277.11,278.24 1 0
github.com/go-jedi/auth-service/pkg/auth_v1/auth.pb.go:279.11,280.28 1 0
github.com/go-jedi/auth-service/pkg/auth_v1/auth.pb.go:281.12,282.15 1 0
github.com/go-jedi/auth-service/pkg/auth_v1/auth.pb.go:285.3,285.81 1 0
github.com/go-jedi/auth-service/pkg/auth_v1/auth.pb.go:285.81,286.38 1 0
github.com/go-jedi/auth-service/pkg/auth_v1/auth.pb.go:287.11,288.20 1 0
github.com/go-jedi/auth-service/pkg/auth_v1/auth.pb.go:289.11,290.24 1 0
github.com/go-jedi/auth-service/pkg/auth_v1/auth.pb.go:291.11,292.28 1 0
github.com/go-jedi/auth-service/pkg/auth_v1/auth.pb.go:293.12,294.15 1 0
github.com/go-jedi/auth-service/pkg/auth_v1/auth.pb.go:298.2,315.31 6 0
github.com/go-jedi/auth-service/pkg/auth_v1/auth_grpc.pb.go:39.64,41.2 1 0
github.com/go-jedi/auth-service/pkg/auth_v1/auth_grpc.pb.go:43.124,46.16 3 0
github.com/go-jedi/auth-service/pkg/auth_v1/auth_grpc.pb.go:46.16,48.3 1 0
github.com/go-jedi/auth-service/pkg/auth_v1/auth_grpc.pb.go:49.2,49.17 1 0
github.com/go-jedi/auth-service/pkg/auth_v1/auth_grpc.pb.go:52.118,55.16 3 0
github.com/go-jedi/auth-service/pkg/auth_v1/auth_grpc.pb.go:55.16,57.3 1 0
github.com/go-jedi/auth-service/pkg/auth_v1/auth_grpc.pb.go:58.2,58.17 1 0
github.com/go-jedi/auth-service/pkg/auth_v1/auth_grpc.pb.go:74.102,76.2 1 0
github.com/go-jedi/auth-service/pkg/auth_v1/auth_grpc.pb.go:77.96,79.2 1 0
github.com/go-jedi/auth-service/pkg/auth_v1/auth_grpc.pb.go:80.72,80.73 0 0
github.com/go-jedi/auth-service/pkg/auth_v1/auth_grpc.pb.go:89.70,91.2 1 0
github.com/go-jedi/auth-service/pkg/auth_v1/auth_grpc.pb.go:93.160,95.32 2 0
github.com/go-jedi/auth-service/pkg/auth_v1/auth_grpc.pb.go:95.32,97.3 1 0
github.com/go-jedi/auth-service/pkg/auth_v1/auth_grpc.pb.go:98.2,98.24 1 0
github.com/go-jedi/auth-service/pkg/auth_v1/auth_grpc.pb.go:98.24,100.3 1 0
github.com/go-jedi/auth-service/pkg/auth_v1/auth_grpc.pb.go:101.2,105.77 2 0
github.com/go-jedi/auth-service/pkg/auth_v1/auth_grpc.pb.go:105.77,107.3 1 0
github.com/go-jedi/auth-service/pkg/auth_v1/auth_grpc.pb.go:108.2,108.44 1 0
github.com/go-jedi/auth-service/pkg/auth_v1/auth_grpc.pb.go:111.157,113.32 2 0
github.com/go-jedi/auth-service/pkg/auth_v1/auth_grpc.pb.go:113.32,115.3 1 0
github.com/go-jedi/auth-service/pkg/auth_v1/auth_grpc.pb.go:116.2,116.24 1 0
github.com/go-jedi/auth-service/pkg/auth_v1/auth_grpc.pb.go:116.24,118.3 1 0
github.com/go-jedi/auth-service/pkg/auth_v1/auth_grpc.pb.go:119.2,123.77 2 0
github.com/go-jedi/auth-service/pkg/auth_v1/auth_grpc.pb.go:123.77,125.3 1 0
github.com/go-jedi/auth-service/pkg/auth_v1/auth_grpc.pb.go:126.2,126.44 1 0
github.com/go-jedi/auth-service/pkg/note_v1/note.pb.go:35.28,37.29 2 0
github.com/go-jedi/auth-service/pkg/note_v1/note.pb.go:37.29,41.3 3 0
github.com/go-jedi/auth-service/pkg/note_v1/note.pb.go:44.36,46.2 1 0
github.com/go-jedi/auth-service/pkg/note_v1/note.pb.go:48.34,48.35 0 0
github.com/go-jedi/auth-service/pkg/note_v1/note.pb.go:50.56,52.41 2 0
github.com/go-jedi/auth-service/pkg/note_v1/note.pb.go:52.41,54.34 2 0
github.com/go-jedi/auth-service/pkg/note_v1/note.pb.go:54.34,56.4 1 0
github.com/go-jedi/auth-service/pkg/note_v1/note.pb.go:57.3,57.12 1 0
github.com/go-jedi/auth-service/pkg/note_v1/note.pb.go:59.2,59.24 1 0
github.com/go-jedi/auth-service/pkg/note_v1/note.pb.go:63.47,65.2 1 0
github.com/go-jedi/auth-service/pkg/note_v1/note.pb.go:67.38,68.14 1 0
github.com/go-jedi/auth-service/pkg/note_v1/note.pb.go:68.14,70.3 1 0
github.com/go-jedi/auth-service/pkg/note_v1/note.pb.go:71.2,71.11 1 0
github.com/go-jedi/auth-service/pkg/note_v1/note.pb.go:74.40,75.14 1 0
github.com/go-jedi/auth-service/pkg/note_v1/note.pb.go:75.14,77.3 1 0
github.com/go-jedi/auth-service/pkg/note_v1/note.pb.go:78.2,78.11 1 0
github.com/go-jedi/auth-service/pkg/note_v1/note.pb.go:92.24,94.29 2 0
github.com/go-jedi/auth-service/pkg/note_v1/note.pb.go:94.29,98.3 3 0
github.com/go-jedi/auth-service/pkg/note_v1/note.pb.go:101.32,103.2 1 0
github.com/go-jedi/auth-service/pkg/note_v1/note.pb.go:105.30,105.31 0 0
github.com/go-jedi/auth-service/pkg/note_v1/note.pb.go:107.52,109.41 2 0
github.com/go-jedi/auth-service/pkg/note_v1/note.pb.go:109.41,111.34 2 0
github.com/go-jedi/auth-service/pkg/note_v1/note.pb.go:111.34,113.4 1 0
github.com/go-jedi/auth-service/pkg/note_v1/note.pb.go:114.3,114.12 1 0
github.com/go-jedi/auth-service/pkg/note_v1/note.pb.go:116.2,116.24 1 0
github.com/go-jedi/auth-service/pkg/note_v1/note.pb.go:120.43,122.2 1 0
github.com/go-jedi/auth-service/pkg/note_v1/note.pb.go:124.30,125.14 1 0
github.com/go-jedi/auth-service/pkg/note_v1/note.pb.go:125.14,127.3 1 0
github.com/go-jedi/auth-service/pkg/note_v1/note.pb.go:128.2,128.10 1 0
github.com/go-jedi/auth-service/pkg/note_v1/note.pb.go:131.36,132.14 1 0
github.com/go-jedi/auth-service/pkg/note_v1/note.pb.go:132.14,134.3 1 0
github.com/go-jedi/auth-service/pkg/note_v1/note.pb.go:135.2,135.12 1 0
github.com/go-jedi/auth-service/pkg/note_v1/note.pb.go:138.54,139.14 1 0
github.com/go-jedi/auth-service/pkg/note_v1/note.pb.go:139.14,141.3 1 0
github.com/go-jedi/auth-service/pkg/note_v1/note.pb.go:142.2,142.12 1 0
github.com/go-jedi/auth-service/pkg/note_v1/note.pb.go:145.54,146.14 1 0
github.com/go-jedi/auth-service/pkg/note_v1/note.pb.go:146.14,148.3 1 0
github.com/go-jedi/auth-service/pkg/note_v1/note.pb.go:149.2,149.12 1 0
github.com/go-jedi/auth-service/pkg/note_v1/note.pb.go:163.34,165.29 2 0
github.com/go-jedi/auth-service/pkg/note_v1/note.pb.go:165.29,169.3 3 0
github.com/go-jedi/auth-service/pkg/note_v1/note.pb.go:172.42,174.2 1 0
github.com/go-jedi/auth-service/pkg/note_v1/note.pb.go:176.40,176.41 0 0
github.com/go-jedi/auth-service/pkg/note_v1/note.pb.go:178.62,180.41 2 0
github.com/go-jedi/auth-service/pkg/note_v1/note.pb.go:180.41,182.34 2 0
github.com/go-jedi/auth-service/pkg/note_v1/note.pb.go:182.34,184.4 1 0
github.com/go-jedi/auth-service/pkg/note_v1/note.pb.go:185.3,185.12 1 0
github.com/go-jedi/auth-service/pkg/note_v1/note.pb.go:187.2,187.24 1 0
github.com/go-jedi/auth-service/pkg/note_v1/note.pb.go:191.53,193.2 1 0
github.com/go-jedi/auth-service/pkg/note_v1/note.pb.go:195.61,196.14 1 0
github.com/go-jedi/auth-service/pkg/note_v1/note.pb.go:196.14,198.3 1 0
github.com/go-jedi/auth-service/pkg/note_v1/note.pb.go:199.2,199.12 1 0
github.com/go-jedi/auth-service/pkg/note_v1/note.pb.go:202.63,203.14 1 0
github.com/go-jedi/auth-service/pkg/note_v1/note.pb.go:203.14,205.3 1 0
github.com/go-jedi/auth-service/pkg/note_v1/note.pb.go:206.2,206.12 1 0
github.com/go-jedi/auth-service/pkg/note_v1/note.pb.go:209.62,210.14 1 0
github.com/go-jedi/auth-service/pkg/note_v1/note.pb.go:210.14,212.3 1 0
github.com/go-jedi/auth-service/pkg/note_v1/note.pb.go:213.2,213.12 1 0
github.com/go-jedi/auth-service/pkg/note_v1/note.pb.go:216.62,217.14 1 0
github.com/go-jedi/auth-service/pkg/note_v1/note.pb.go:217.14,219.3 1 0
github.com/go-jedi/auth-service/pkg/note_v1/note.pb.go:220.2,220.12 1 0
github.com/go-jedi/auth-service/pkg/note_v1/note.pb.go:231.33,233.29 2 0
github.com/go-jedi/auth-service/pkg/note_v1/note.pb.go:233.29,237.3 3 0
github.com/go-jedi/auth-service/pkg/note_v1/note.pb.go:240.41,242.2 1 0
github.com/go-jedi/auth-service/pkg/note_v1/note.pb.go:244.39,244.40 0 0
github.com/go-jedi/auth-service/pkg/note_v1/note.pb.go:246.61,248.41 2 0
github.com/go-jedi/auth-service/pkg/note_v1/note.pb.go:248.41,250.34 2 0
github.com/go-jedi/auth-service/pkg/note_v1/note.pb.go:250.34,252.4 1 0
github.com/go-jedi/auth-service/pkg/note_v1/note.pb.go:253.3,253.12 1 0
github.com/go-jedi/auth-service/pkg/note_v1/note.pb.go:255.2,255.24 1 0
github.com/go-jedi/auth-service/pkg/note_v1/note.pb.go:259.52,261.2 1 0
github.com/go-jedi/auth-service/pkg/note_v1/note.pb.go:263.45,264.14 1 0
github.com/go-jedi/auth-service/pkg/note_v1/note.pb.go:264.14,266.3 1 0
github.com/go-jedi/auth-service/pkg/note_v1/note.pb.go:267.2,267.12 1 0
github.com/go-jedi/auth-service/pkg/note_v1/note.pb.go:278.34,280.29 2 0
github.com/go-jedi/auth-service/pkg/note_v1/note.pb.go:280.29,284.3 3 0
github.com/go-jedi/auth-service/pkg/note_v1/note.pb.go:287.42,289.2 1 0
github.com/go-jedi/auth-service/pkg/note_v1/note.pb.go:291.40,291.41 0 0
github.com/go-jedi/auth-service/pkg/note_v1/note.pb.go:293.62,295.41 2 0
github.com/go-jedi/auth-service/pkg/note_v1/note.pb.go:295.41,297.34 2 0
github.com/go-jedi/auth-service/pkg/note_v1/note.pb.go:297.34,299.4 1 0
github.com/go-jedi/auth-service/pkg/note_v1/note.pb.go:300.3,300.12 1 0
github.com/go-jedi/auth-service/pkg/note_v1/note.pb.go:302.2,302.24 1 0
github.com/go-jedi/auth-service/pkg/note_v1/note.pb.go:306.53,308.2 1 0
github.com/go-jedi/auth-service/pkg/note_v1/note.pb.go:310.40,311.14 1 0
github.com/go-jedi/auth-service/pkg/note_v1/note.pb.go:311.14,313.3 1 0
github.com/go-jedi/auth-service/pkg/note_v1/note.pb.go:314.2,314.10 1 0
github.com/go-jedi/auth-service/pkg/note_v1/note.pb.go:325.30,327.29 2 0
github.com/go-jedi/auth-service/pkg/note_v1/note.pb.go:327.29,331.3 3 0
github.com/go-jedi/auth-service/pkg/note_v1/note.pb.go:334.38,336.2 1 0
github.com/go-jedi/auth-service/pkg/note_v1/note.pb.go:338.36,338.37 0 0
github.com/go-jedi/auth-service/pkg/note_v1/note.pb.go:340.58,342.41 2 0
github.com/go-jedi/auth-service/pkg/note_v1/note.pb.go:342.41,344.34 2 0
github.com/go-jedi/auth-service/pkg/note_v1/note.pb.go:344.34,346.4 1 0
github.com/go-jedi/auth-service/pkg/note_v1/note.pb.go:347.3,347.12 1 0
github.com/go-jedi/auth-service/pkg/note_v1/note.pb.go:349.2,349.24 1 0
github.com/go-jedi/auth-service/pkg/note_v1/note.pb.go:353.49,355.2 1 0
github.com/go-jedi/auth-service/pkg/note_v1/note.pb.go:357.36,358.14 1 0
github.com/go-jedi/auth-service/pkg/note_v1/note.pb.go:358.14,360.3 1 0
github.com/go-jedi/auth-service/pkg/note_v1/note.pb.go:361.2,361.10 1 0
github.com/go-jedi/auth-service/pkg/note_v1/note.pb.go:372.31,374.29 2 0
github.com/go-jedi/auth-service/pkg/note_v1/note.pb.go:374.29,378.3 3 0
github.com/go-jedi/auth-service/pkg/note_v1/note.pb.go:381.39,383.2 1 0
github.com/go-jedi/auth-service/pkg/note_v1/note.pb.go:385.37,385.38 0 0
github.com/go-jedi/auth-service/pkg/note_v1/note.pb.go:387.59,389.41 2 0
github.com/go-jedi/auth-service/pkg/note_v1/note.pb.go:389.41,391.34 2 0
github.com/go-jedi/auth-service/pkg/note_v1/note.pb.go:391.34,393.4 1 0
github.com/go-jedi/auth-service/pkg/note_v1/note.pb.go:394.3,394.12 1 0
github.com/go-jedi/auth-service/pkg/note_v1/note.pb.go:396.2,396.24 1 0
github.com/go-jedi/auth-service/pkg/note_v1/note.pb.go:400.50,402.2 1 0
github.com/go-jedi/auth-service/pkg/note_v1/note.pb.go:404.39,405.14 1 0
github.com/go-jedi/auth-service/pkg/note_v1/note.pb.go:405.14,407.3 1 0
github.com/go-jedi/auth-service/pkg/note_v1/note.pb.go:408.2,408.12 1 0
github.com/go-jedi/auth-service/pkg/note_v1/note.pb.go:420.31,422.29 2 0
github.com/go-jedi/auth-service/pkg/note_v1/note.pb.go:422.29,426.3 3 0
github.com/go-jedi/auth-service/pkg/note_v1/note.pb.go:429.39,431.2 1 0
github.com/go-jedi/auth-service/pkg/note_v1/note.pb.go:433.37,433.38 0 0
github.com/go-jedi/auth-service/pkg/note_v1/note.pb.go:435.59,437.41 2 0
github.com/go-jedi/auth-service/pkg/note_v1/note.pb.go:437.41,439.34 2 0
github.com/go-jedi/auth-service/pkg/note_v1/note.pb.go:439.34,441.4 1 0
github.com/go-jedi/auth-service/pkg/note_v1/note.pb.go:442.3,442.12 1 0
github.com/go-jedi/auth-service/pkg/note_v1/note.pb.go:444.2,444.24 1 0
github.com/go-jedi/auth-service/pkg/note_v1/note.pb.go:448.50,450.2 1 0
github.com/go-jedi/auth-service/pkg/note_v1/note.pb.go:452.40,453.14 1 0
github.com/go-jedi/auth-service/pkg/note_v1/note.pb.go:453.14,455.3 1 0
github.com/go-jedi/auth-service/pkg/note_v1/note.pb.go:456.2,456.10 1 0
github.com/go-jedi/auth-service/pkg/note_v1/note.pb.go:459.41,460.14 1 0
github.com/go-jedi/auth-service/pkg/note_v1/note.pb.go:460.14,462.3 1 0
github.com/go-jedi/auth-service/pkg/note_v1/note.pb.go:463.2,463.10 1 0
github.com/go-jedi/auth-service/pkg/note_v1/note.pb.go:474.32,476.29 2 0
github.com/go-jedi/auth-service/pkg/note_v1/note.pb.go:476.29,480.3 3 0
github.com/go-jedi/auth-service/pkg/note_v1/note.pb.go:483.40,485.2 1 0
github.com/go-jedi/auth-service/pkg/note_v1/note.pb.go:487.38,487.39 0 0
github.com/go-jedi/auth-service/pkg/note_v1/note.pb.go:489.60,491.41 2 0
github.com/go-jedi/auth-service/pkg/note_v1/note.pb.go:491.41,493.34 2 0
github.com/go-jedi/auth-service/pkg/note_v1/note.pb.go:493.34,495.4 1 0
github.com/go-jedi/auth-service/pkg/note_v1/note.pb.go:496.3,496.12 1 0
github.com/go-jedi/auth-service/pkg/note_v1/note.pb.go:498.2,498.24 1 0
github.com/go-jedi/auth-service/pkg/note_v1/note.pb.go:502.51,504.2 1 0
github.com/go-jedi/auth-service/pkg/note_v1/note.pb.go:506.43,507.14 1 0
github.com/go-jedi/auth-service/pkg/note_v1/note.pb.go:507.14,509.3 1 0
github.com/go-jedi/auth-service/pkg/note_v1/note.pb.go:510.2,510.12 1 0
github.com/go-jedi/auth-service/pkg/note_v1/note.pb.go:522.33,524.29 2 0
github.com/go-jedi/auth-service/pkg/note_v1/note.pb.go:524.29,528.3 3 0
github.com/go-jedi/auth-service/pkg/note_v1/note.pb.go:531.41,533.2 1 0
github.com/go-jedi/auth-service/pkg/note_v1/note.pb.go:535.39,535.40 0 0
github.com/go-jedi/auth-service/pkg/note_v1/note.pb.go:537.61,539.41 2 0
github.com/go-jedi/auth-service/pkg/note_v1/note.pb.go:539.41,541.34 2 0
github.com/go-jedi/auth-service/pkg/note_v1/note.pb.go:541.34,543.4 1 0
github.com/go-jedi/auth-service/pkg/note_v1/note.pb.go:544.3,544.12 1 0
github.com/go-jedi/auth-service/pkg/note_v1/note.pb.go:546.2,546.24 1 0
github.com/go-jedi/auth-service/pkg/note_v1/note.pb.go:550.52,552.2 1 0
github.com/go-jedi/auth-service/pkg/note_v1/note.pb.go:554.39,555.14 1 0
github.com/go-jedi/auth-service/pkg/note_v1/note.pb.go:555.14,557.3 1 0
github.com/go-jedi/auth-service/pkg/note_v1/note.pb.go:558.2,558.10 1 0
github.com/go-jedi/auth-service/pkg/note_v1/note.pb.go:561.51,562.14 1 0
github.com/go-jedi/auth-service/pkg/note_v1/note.pb.go:562.14,564.3 1 0
github.com/go-jedi/auth-service/pkg/note_v1/note.pb.go:565.2,565.12 1 0
github.com/go-jedi/auth-service/pkg/note_v1/note.pb.go:576.33,578.29 2 0
github.com/go-jedi/auth-service/pkg/note_v1/note.pb.go:578.29,582.3 3 0
github.com/go-jedi/auth-service/pkg/note_v1/note.pb.go:585.41,587.2 1 0
github.com/go-jedi/auth-service/pkg/note_v1/note.pb.go:589.39,589.40 0 0
github.com/go-jedi/auth-service/pkg/note_v1/note.pb.go:591.61,593.41 2 0
github.com/go-jedi/auth-service/pkg/note_v1/note.pb.go:593.41,595.34 2 0
github.com/go-jedi/auth-service/pkg/note_v1/note.pb.go:595.34,597.4 1 0
github.com/go-jedi/auth-service/pkg/note_v1/note.pb.go:598.3,598.12 1 0
github.com/go-jedi/auth-service/pkg/note_v1/note.pb.go:600.2,600.24 1 0
github.com/go-jedi/auth-service/pkg/note_v1/note.pb.go:604.52,606.2 1 0
github.com/go-jedi/auth-service/pkg/note_v1/note.pb.go:608.39,609.14 1 0
github.com/go-jedi/auth-service/pkg/note_v1/note.pb.go:609.14,611.3 1 0
github.com/go-jedi/auth-service/pkg/note_v1/note.pb.go:612.2,612.10 1 0
github.com/go-jedi/auth-service/pkg/note_v1/note.pb.go:709.43,710.40 1 0
github.com/go-jedi/auth-service/pkg/note_v1/note.pb.go:710.40,712.3 1 0
github.com/go-jedi/auth-service/pkg/note_v1/note.pb.go:713.2,713.36 1 0
github.com/go-jedi/auth-service/pkg/note_v1/note.pb.go:763.13,763.39 1 0
github.com/go-jedi/auth-service/pkg/note_v1/note.pb.go:764.29,765.28 1 0
github.com/go-jedi/auth-service/pkg/note_v1/note.pb.go:765.28,767.3 1 0
github.com/go-jedi/auth-service/pkg/note_v1/note.pb.go:768.2,768.30 1 0
github.com/go-jedi/auth-service/pkg/note_v1/note.pb.go:768.30,769.81 1 0
github.com/go-jedi/auth-service/pkg/note_v1/note.pb.go:769.81,770.33 1 0
github.com/go-jedi/auth-service/pkg/note_v1/note.pb.go:771.11,772.20 1 0
github.com/go-jedi/auth-service/pkg/note_v1/note.pb.go:773.11,774.24 1 0
github.com/go-jedi/auth-service/pkg/note_v1/note.pb.go:775.11,776.28 1 0
github.com/go-jedi/auth-service/pkg/note_v1/note.pb.go:777.12,778.15 1 0
github.com/go-jedi/auth-service/pkg/note_v1/note.pb.go:781.3,781.81 1 0
github.com/go-jedi/auth-service/pkg/note_v1/note.pb.go:781.81,782.29 1 0
github.com/go-jedi/auth-service/pkg/note_v1/note.pb.go:783.11,784.20 1 0
github.com/go-jedi/auth-service/pkg/note_v1/note.pb.go:785.11,786.24 1 0
github.com/go-jedi/auth-service/pkg/note_v1/note.pb.go:787.11,788.28 1 0
github.com/go-jedi/auth-service/pkg/note_v1/note.pb.go:789.12,790.15 1 0
github.com/go-jedi/auth-service/pkg/note_v1/note.pb.go:793.3,793.81 1 0
github.com/go-jedi/auth-service/pkg/note_v1/note.pb.go:793.81,794.39 1 0
github.com/go-jedi/auth-service/pkg/note_v1/note.pb.go:795.11,796.20 1 0
github.com/go-jedi/auth-service/pkg/note_v1/note.pb.go:797.11,798.24 1 0
github.com/go-jedi/auth-service/pkg/note_v1/note.pb.go:799.11,800.28 1 0
github.com/go-jedi/auth-service/pkg/note_v1/note.pb.go:801.12,802.15 1 0
github.com/go-jedi/auth-service/pkg/note_v1/note.pb.go:805.3,805.81 1 0
github.com/go-jedi/auth-service/pkg/note_v1/note.pb.go:805.81,806.38 1 0
github.com/go-jedi/auth-service/pkg/note_v1/note.pb.go:807.11,808.20 1 0
github.com/go-jedi/auth-service/pkg/note_v1/note.pb.go:809.11,810.24 1 0
github.com/go-jedi/auth-service/pkg/note_v1/note.pb.go:811.11,812.28 1 0
github.com/go-jedi/auth-service/pkg/note_v1/note.pb.go:813.12,814.15 1 0
github.com/go-jedi/auth-service/pkg/note_v1/note.pb.go:817.3,817.81 1 0
github.com/go-jedi/auth-service/pkg/note_v1/note.pb.go:817.81,818.39 1 0
github.com/go-jedi/auth-service/pkg/note_v1/note.pb.go:819.11,820.20 1 0
github.com/go-jedi/auth-service/pkg/note_v1/note.pb.go:821.11,822.24 1 0
github.com/go-jedi/auth-service/pkg/note_v1/note.pb.go:823.11,824.28 1 0
github.com/go-jedi/auth-service/pkg/note_v1/note.pb.go:825.12,826.15 1 0
github.com/go-jedi/auth-service/pkg/note_v1/note.pb.go:829.3,829.81 1 0
github.com/go-jedi/auth-service/pkg/note_v1/note.pb.go:829.81,830.35 1 0
github.com/go-jedi/auth-service/pkg/note_v1/note.pb.go:831.11,832.20 1 0
github.com/go-jedi/auth-service/pkg/note_v1/note.pb.go:833.11,834.24 1 0
github.com/go-jedi/auth-service/pkg/note_v1/note.pb.go:835.11,836.28 1 0
github.com/go-jedi/auth-service/pkg/note_v1/note.pb.go:837.12,838.15 1 0
github.com/go-jedi/auth-service/pkg/note_v1/note.pb.go:841.3,841.81 1 0
github.com/go-jedi/auth-service/pkg/note_v1/note.pb.go:841.81,842.36 1 0
github.com/go-jedi/auth-service/pkg/note_v1/note.pb.go:843.11,844.20 1 0
github.com/go-jedi/auth-service/pkg/note_v1/note.pb.go:845.11,846.24 1 0
github.com/go-jedi/auth-service/pkg/note_v1/note.pb.go:847.11,848.28 1 0
github.com/go-jedi/auth-service/pkg/note_v1/note.pb.go:849.12,850.15 1 0
github.com/go-jedi/auth-service/pkg/note_v1/note.pb.go:853.3,853.81 1 0
github.com/go-jedi/auth-service/pkg/note_v1/note.pb.go:853.81,854.36 1 0
github.com/go-jedi/auth-service/pkg/note_v1/note.pb.go:855.11,856.20 1 0
github.com/go-jedi/auth-service/pkg/note_v1/note.pb.go:857.11,858.24 1 0
github.com/go-jedi/auth-service/pkg/note_v1/note.pb.go:859.11,860.28 1 0
github.com/go-jedi/auth-service/pkg/note_v1/note.pb.go:861.12,862.15 1 0
github.com/go-jedi/auth-service/pkg/note_v1/note.pb.go:865.3,865.81 1 0
github.com/go-jedi/auth-service/pkg/note_v1/note.pb.go:865.81,866.37 1 0
github.com/go-jedi/auth-service/pkg/note_v1/note.pb.go:867.11,868.20 1 0
github.com/go-jedi/auth-service/pkg/note_v1/note.pb.go:869.11,870.24 1 0
github.com/go-jedi/auth-service/pkg/note_v1/note.pb.go:871.11,872.28 1 0
github.com/go-jedi/auth-service/pkg/note_v1/note.pb.go:873.12,874.15 1 0
github.com/go-jedi/auth-service/pkg/note_v1/note.pb.go:877.3,877.81 1 0
github.com/go-jedi/auth-service/pkg/note_v1/note.pb.go:877.81,878.38 1 0
github.com/go-jedi/auth-service/pkg/note_v1/note.pb.go:879.11,880.20 1 0
github.com/go-jedi/auth-service/pkg/note_v1/note.pb.go:881.11,882.24 1 0
github.com/go-jedi/auth-service/pkg/note_v1/note.pb.go:883.11,884.28 1 0
github.com/go-jedi/auth-service/pkg/note_v1/note.pb.go:885.12,886.15 1 0
github.com/go-jedi/auth-service/pkg/note_v1/note.pb.go:889.3,889.82 1 0
github.com/go-jedi/auth-service/pkg/note_v1/note.pb.go:889.82,890.38 1 0
github.com/go-jedi/auth-service/pkg/note_v1/note.pb.go:891.11,892.20 1 0
github.com/go-jedi/auth-service/pkg/note_v1/note.pb.go:893.11,894.24 1 0
github.com/go-jedi/auth-service/pkg/note_v1/note.pb.go:895.11,896.28 1 0
github.com/go-jedi/auth-service/pkg/note_v1/note.pb.go:897.12,898.15 1 0
github.com/go-jedi/auth-service/pkg/note_v1/note.pb.go:902.2,919.31 6 0
github.com/go-jedi/auth-service/pkg/note_v1/note_grpc.pb.go:45.64,47.2 1 0
github.com/go-jedi/auth-service/pkg/note_v1/note_grpc.pb.go:49.121,52.16 3 0
github.com/go-jedi/auth-service/pkg/note_v1/note_grpc.pb.go:52.16,54.3 1 0
github.com/go-jedi/auth-service/pkg/note_v1/note_grpc.pb.go:55.2,55.17 1 0
github.com/go-jedi/auth-service/pkg/note_v1/note_grpc.pb.go:58.112,61.16 3 0
github.com/go-jedi/auth-service/pkg/note_v1/note_grpc.pb.go:61.16,63.3 1 0
github.com/go-jedi/auth-service/pkg/note_v1/note_grpc.pb.go:64.2,64.17 1 0
github.com/go-jedi/auth-service/pkg/note_v1/note_grpc.pb.go:67.115,70.16 3 0
github.com/go-jedi/auth-service/pkg/note_v1/note_grpc.pb.go:70.16,72.3 1 0
github.com/go-jedi/auth-service/pkg/note_v1/note_grpc.pb.go:73.2,73.17 1 0
github.com/go-jedi/auth-service/pkg/note_v1/note_grpc.pb.go:76.120,79.16 3 0
github.com/go-jedi/auth-service/pkg/note_v1/note_grpc.pb.go:79.16,81.3 1 0
github.com/go-jedi/auth-service/pkg/note_v1/note_grpc.pb.go:82.2,82.17 1 0
github.com/go-jedi/auth-service/pkg/note_v1/note_grpc.pb.go:85.120,88.16 3 0
github.com/go-jedi/auth-service/pkg/note_v1/note_grpc.pb.go:88.16,90.3 1 0
github.com/go-jedi/auth-service/pkg/note_v1/note_grpc.pb.go:91.2,91.17 1 0
github.com/go-jedi/auth-service/pkg/note_v1/note_grpc.pb.go:110.99,112.2 1 0
github.com/go-jedi/auth-service/pkg/note_v1/note_grpc.pb.go:113.90,115.2 1 0
github.com/go-jedi/auth-service/pkg/note_v1/note_grpc.pb.go:116.93,118.2 1 0
github.com/go-jedi/auth-service/pkg/note_v1/note_grpc.pb.go:119.98,121.2 1 0
github.com/go-jedi/auth-service/pkg/note_v1/note_grpc.pb.go:122.98,124.2 1 0
github.com/go-jedi/auth-service/pkg/note_v1/note_grpc.pb.go:125.72,125.73 0 0
github.com/go-jedi/auth-service/pkg/note_v1/note_grpc.pb.go:134.70,136.2 1 0
github.com/go-jedi/auth-service/pkg/note_v1/note_grpc.pb.go:138.158,140.32 2 0
github.com/go-jedi/auth-service/pkg/note_v1/note_grpc.pb.go:140.32,142.3 1 0
github.com/go-jedi/auth-service/pkg/note_v1/note_grpc.pb.go:143.2,143.24 1 0
github.com/go-jedi/auth-service/pkg/note_v1/note_grpc.pb.go:143.24,145.3 1 0
github.com/go-jedi/auth-service/pkg/note_v1/note_grpc.pb.go:146.2,150.77 2 0
github.com/go-jedi/auth-service/pkg/note_v1/note_grpc.pb.go:150.77,152.3 1 0
github.com/go-jedi/auth-service/pkg/note_v1/note_grpc.pb.go:153.2,153.44 1 0
github.com/go-jedi/auth-service/pkg/note_v1/note_grpc.pb.go:156.155,158.32 2 0
github.com/go-jedi/auth-service/pkg/note_v1/note_grpc.pb.go:158.32,160.3 1 0
github.com/go-jedi/auth-service/pkg/note_v1/note_grpc.pb.go:161.2,161.24 1 0
github.com/go-jedi/auth-service/pkg/note_v1/note_grpc.pb.go:161.24,163.3 1 0
github.com/go-jedi/auth-service/pkg/note_v1/note_grpc.pb.go:164.2,168.77 2 0
github.com/go-jedi/auth-service/pkg/note_v1/note_grpc.pb.go:168.77,170.3 1 0
github.com/go-jedi/auth-service/pkg/note_v1/note_grpc.pb.go:171.2,171.44 1 0
github.com/go-jedi/auth-service/pkg/note_v1/note_grpc.pb.go:174.156,176.32 2 0
github.com/go-jedi/auth-service/pkg/note_v1/note_grpc.pb.go:176.32,178.3 1 0
github.com/go-jedi/auth-service/pkg/note_v1/note_grpc.pb.go:179.2,179.24 1 0
github.com/go-jedi/auth-service/pkg/note_v1/note_grpc.pb.go:179.24,181.3 1 0
github.com/go-jedi/auth-service/pkg/note_v1/note_grpc.pb.go:182.2,186.77 2 0
github.com/go-jedi/auth-service/pkg/note_v1/note_grpc.pb.go:186.77,188.3 1 0
github.com/go-jedi/auth-service/pkg/note_v1/note_grpc.pb.go:189.2,189.44 1 0
github.com/go-jedi/auth-service/pkg/note_v1/note_grpc.pb.go:192.158,194.32 2 0
github.com/go-jedi/auth-service/pkg/note_v1/note_grpc.pb.go:194.32,196.3 1 0
github.com/go-jedi/auth-service/pkg/note_v1/note_grpc.pb.go:197.2,197.24 1 0
github.com/go-jedi/auth-service/pkg/note_v1/note_grpc.pb.go:197.24,199.3 1 0
github.com/go-jedi/auth-service/pkg/note_v1/note_grpc.pb.go:200.2,204.77 2 0
github.com/go-jedi/auth-service/pkg/note_v1/note_grpc.pb.go:204.77,206.3 1 0
github.com/go-jedi/auth-service/pkg/note_v1/note_grpc.pb.go:207.2,207.44 1 0
github.com/go-jedi/auth-service/pkg/note_v1/note_grpc.pb.go:210.158,212.32 2 0
github.com/go-jedi/auth-service/pkg/note_v1/note_grpc.pb.go:212.32,214.3 1 0
github.com/go-jedi/auth-service/pkg/note_v1/note_grpc.pb.go:215.2,215.24 1 0
github.com/go-jedi/auth-service/pkg/note_v1/note_grpc.pb.go:215.24,217.3 1 0
github.com/go-jedi/auth-service/pkg/note_v1/note_grpc.pb.go:218.2,222.77 2 0
github.com/go-jedi/auth-service/pkg/note_v1/note_grpc.pb.go:222.77,224.3 1 0
github.com/go-jedi/auth-service/pkg/note_v1/note_grpc.pb.go:225.2,225.44 1 0
github.com/go-jedi/auth-service/internal/utils/bcrypt/hash.go:7.52,9.16 2 1
github.com/go-jedi/auth-service/internal/utils/bcrypt/hash.go:9.16,11.3 1 0
github.com/go-jedi/auth-service/internal/utils/bcrypt/hash.go:12.2,12.27 1 1
github.com/go-jedi/auth-service/internal/utils/bcrypt/verify.go:5.75,9.2 2 1
